<?xml version="1.0" encoding="UTF-8"?>
<!-- Generated by org.testng.reporters.JUnitReportReporter -->
<testsuite hostname="DESKTOP-8CMMH67" failures="0" tests="1" name="com.learnautomation.Testcases.LoginTestCRM" time="4.930" errors="0" timestamp="22 Oct 2021 21:07:06 GMT" skipped="0">
  <testcase classname="com.learnautomation.Testcases.LoginTestCRM" name="loginApp" time="4.930"/>
</testsuite> <!-- com.learnautomation.Testcases.LoginTestCRM -->
